<?xml version="1.0" encoding="UTF-8"?>
<coverage generated="1669478456194" clover="3.2.0">
  <project timestamp="1669478456194" name="All files">
    <metrics statements="213" coveredstatements="67" conditionals="91" coveredconditionals="44" methods="49" coveredmethods="9" elements="353" coveredelements="120" complexity="0" loc="213" ncloc="213" packages="2" files="3" classes="3"/>
    <package name="dist">
      <metrics statements="186" coveredstatements="50" conditionals="33" coveredconditionals="16" methods="42" coveredmethods="5"/>
      <file name="mixer.js" path="/Users/nicolasdiazrodriguez/Desktop/cerebrum/bogotaHack/mina-ui/dist/mixer.js">
        <metrics statements="186" coveredstatements="50" conditionals="33" coveredconditionals="16" methods="42" coveredmethods="5"/>
        <line num="1" count="1" type="cond" truecount="2" falsecount="1"/>
        <line num="2" count="13" type="cond" truecount="3" falsecount="1"/>
        <line num="3" count="13" type="cond" truecount="3" falsecount="1"/>
        <line num="4" count="0" type="cond" truecount="0" falsecount="8"/>
        <line num="5" count="13" type="cond" truecount="3" falsecount="0"/>
        <line num="7" count="1" type="cond" truecount="2" falsecount="1"/>
        <line num="8" count="25" type="cond" truecount="3" falsecount="1"/>
        <line num="18" count="1" type="stmt"/>
        <line num="20" count="1" type="stmt"/>
        <line num="24" count="1" type="stmt"/>
        <line num="25" count="1" type="stmt"/>
        <line num="28" count="1" type="stmt"/>
        <line num="30" count="0" type="stmt"/>
        <line num="31" count="0" type="stmt"/>
        <line num="32" count="0" type="stmt"/>
        <line num="33" count="0" type="stmt"/>
        <line num="35" count="0" type="stmt"/>
        <line num="39" count="0" type="stmt"/>
        <line num="41" count="0" type="stmt"/>
        <line num="45" count="2" type="stmt"/>
        <line num="47" count="2" type="stmt"/>
        <line num="48" count="2" type="stmt"/>
        <line num="50" count="2" type="stmt"/>
        <line num="51" count="2" type="stmt"/>
        <line num="53" count="2" type="stmt"/>
        <line num="54" count="2" type="stmt"/>
        <line num="55" count="2" type="stmt"/>
        <line num="56" count="2" type="stmt"/>
        <line num="62" count="2" type="stmt"/>
        <line num="63" count="2" type="stmt"/>
        <line num="70" count="2" type="stmt"/>
        <line num="73" count="2" type="stmt"/>
        <line num="77" count="2" type="stmt"/>
        <line num="78" count="2" type="stmt"/>
        <line num="79" count="2" type="stmt"/>
        <line num="81" count="2" type="stmt"/>
        <line num="88" count="0" type="stmt"/>
        <line num="89" count="0" type="stmt"/>
        <line num="90" count="0" type="stmt"/>
        <line num="91" count="0" type="stmt"/>
        <line num="92" count="0" type="stmt"/>
        <line num="94" count="0" type="stmt"/>
        <line num="95" count="0" type="stmt"/>
        <line num="96" count="0" type="stmt"/>
        <line num="98" count="0" type="stmt"/>
        <line num="100" count="0" type="stmt"/>
        <line num="102" count="0" type="stmt"/>
        <line num="103" count="0" type="stmt"/>
        <line num="104" count="0" type="stmt"/>
        <line num="106" count="0" type="stmt"/>
        <line num="107" count="0" type="stmt"/>
        <line num="111" count="0" type="stmt"/>
        <line num="112" count="0" type="stmt"/>
        <line num="113" count="0" type="stmt"/>
        <line num="114" count="0" type="stmt"/>
        <line num="115" count="0" type="stmt"/>
        <line num="116" count="0" type="stmt"/>
        <line num="118" count="0" type="stmt"/>
        <line num="119" count="0" type="stmt"/>
        <line num="120" count="0" type="stmt"/>
        <line num="130" count="0" type="stmt"/>
        <line num="131" count="0" type="stmt"/>
        <line num="132" count="0" type="stmt"/>
        <line num="138" count="0" type="stmt"/>
        <line num="140" count="0" type="stmt"/>
        <line num="141" count="0" type="stmt"/>
        <line num="142" count="0" type="stmt"/>
        <line num="145" count="0" type="stmt"/>
        <line num="150" count="0" type="stmt"/>
        <line num="167" count="1" type="stmt"/>
        <line num="171" count="1" type="stmt"/>
        <line num="175" count="1" type="stmt"/>
        <line num="179" count="1" type="stmt"/>
        <line num="183" count="1" type="stmt"/>
        <line num="187" count="1" type="stmt"/>
        <line num="191" count="1" type="stmt"/>
        <line num="195" count="1" type="stmt"/>
        <line num="201" count="1" type="stmt"/>
        <line num="207" count="1" type="stmt"/>
        <line num="218" count="1" type="stmt"/>
        <line num="224" count="1" type="stmt"/>
        <line num="230" count="1" type="stmt"/>
        <line num="237" count="1" type="stmt"/>
        <line num="238" count="1" type="stmt"/>
        <line num="241" count="1" type="stmt"/>
        <line num="242" count="1" type="stmt"/>
        <line num="244" count="1" type="stmt"/>
        <line num="245" count="1" type="stmt"/>
        <line num="246" count="1" type="stmt"/>
        <line num="256" count="0" type="stmt"/>
        <line num="257" count="0" type="stmt"/>
        <line num="258" count="0" type="stmt"/>
        <line num="259" count="0" type="stmt"/>
        <line num="260" count="0" type="stmt"/>
        <line num="262" count="0" type="stmt"/>
        <line num="342" count="0" type="stmt"/>
        <line num="347" count="0" type="stmt"/>
        <line num="352" count="1" type="stmt"/>
        <line num="353" count="1" type="stmt"/>
        <line num="382" count="0" type="stmt"/>
        <line num="383" count="0" type="stmt"/>
        <line num="384" count="0" type="stmt"/>
        <line num="388" count="0" type="stmt"/>
        <line num="389" count="0" type="stmt"/>
        <line num="390" count="0" type="stmt"/>
        <line num="391" count="0" type="stmt"/>
        <line num="392" count="0" type="stmt"/>
        <line num="393" count="0" type="stmt"/>
        <line num="399" count="0" type="stmt"/>
        <line num="400" count="0" type="stmt"/>
        <line num="401" count="0" type="stmt"/>
        <line num="402" count="0" type="stmt"/>
        <line num="403" count="0" type="stmt"/>
        <line num="407" count="0" type="stmt"/>
        <line num="408" count="0" type="stmt"/>
        <line num="409" count="0" type="stmt"/>
        <line num="411" count="0" type="stmt"/>
        <line num="413" count="0" type="stmt"/>
        <line num="418" count="0" type="stmt"/>
        <line num="420" count="0" type="stmt"/>
        <line num="425" count="0" type="stmt"/>
        <line num="426" count="0" type="stmt"/>
        <line num="427" count="0" type="stmt"/>
        <line num="428" count="0" type="stmt"/>
        <line num="430" count="0" type="stmt"/>
        <line num="433" count="0" type="stmt"/>
        <line num="434" count="0" type="stmt"/>
        <line num="435" count="0" type="stmt"/>
        <line num="437" count="0" type="stmt"/>
        <line num="438" count="0" type="stmt"/>
        <line num="439" count="0" type="stmt"/>
        <line num="442" count="0" type="stmt"/>
        <line num="443" count="0" type="stmt"/>
        <line num="444" count="0" type="stmt"/>
        <line num="446" count="0" type="stmt"/>
        <line num="449" count="0" type="stmt"/>
        <line num="452" count="0" type="stmt"/>
        <line num="460" count="0" type="stmt"/>
        <line num="461" count="0" type="stmt"/>
        <line num="462" count="0" type="cond" truecount="0" falsecount="2"/>
        <line num="463" count="0" type="stmt"/>
        <line num="465" count="0" type="stmt"/>
        <line num="466" count="0" type="stmt"/>
        <line num="472" count="0" type="stmt"/>
        <line num="480" count="0" type="stmt"/>
        <line num="481" count="0" type="stmt"/>
        <line num="483" count="0" type="stmt"/>
        <line num="486" count="0" type="stmt"/>
        <line num="489" count="0" type="stmt"/>
        <line num="494" count="0" type="stmt"/>
        <line num="497" count="0" type="stmt"/>
        <line num="500" count="0" type="stmt"/>
        <line num="501" count="0" type="stmt"/>
        <line num="502" count="0" type="cond" truecount="0" falsecount="2"/>
        <line num="503" count="0" type="stmt"/>
        <line num="505" count="0" type="stmt"/>
        <line num="522" count="0" type="stmt"/>
        <line num="524" count="0" type="stmt"/>
        <line num="525" count="0" type="stmt"/>
        <line num="527" count="0" type="stmt"/>
        <line num="528" count="0" type="stmt"/>
        <line num="529" count="0" type="stmt"/>
        <line num="532" count="0" type="stmt"/>
        <line num="533" count="0" type="stmt"/>
        <line num="546" count="0" type="stmt"/>
        <line num="548" count="0" type="stmt"/>
        <line num="550" count="0" type="stmt"/>
        <line num="551" count="0" type="stmt"/>
        <line num="552" count="0" type="stmt"/>
        <line num="553" count="0" type="stmt"/>
        <line num="554" count="0" type="stmt"/>
        <line num="555" count="0" type="stmt"/>
        <line num="559" count="0" type="stmt"/>
        <line num="563" count="0" type="stmt"/>
        <line num="564" count="0" type="stmt"/>
        <line num="565" count="0" type="stmt"/>
        <line num="566" count="0" type="stmt"/>
        <line num="569" count="0" type="stmt"/>
        <line num="570" count="0" type="stmt"/>
        <line num="574" count="0" type="stmt"/>
        <line num="577" count="0" type="stmt"/>
        <line num="578" count="0" type="stmt"/>
        <line num="581" count="0" type="stmt"/>
        <line num="582" count="0" type="stmt"/>
        <line num="583" count="0" type="stmt"/>
        <line num="585" count="0" type="stmt"/>
      </file>
    </package>
    <package name="dist.proof_system.models">
      <metrics statements="27" coveredstatements="17" conditionals="58" coveredconditionals="28" methods="7" coveredmethods="4"/>
      <file name="DepositClass.js" path="/Users/nicolasdiazrodriguez/Desktop/cerebrum/bogotaHack/mina-ui/dist/proof_system/models/DepositClass.js">
        <metrics statements="15" coveredstatements="9" conditionals="29" coveredconditionals="14" methods="4" coveredmethods="2"/>
        <line num="1" count="1" type="cond" truecount="2" falsecount="1"/>
        <line num="2" count="3" type="cond" truecount="2" falsecount="2"/>
        <line num="3" count="3" type="cond" truecount="3" falsecount="1"/>
        <line num="4" count="0" type="cond" truecount="0" falsecount="8"/>
        <line num="5" count="3" type="cond" truecount="2" falsecount="1"/>
        <line num="7" count="1" type="cond" truecount="2" falsecount="1"/>
        <line num="8" count="3" type="cond" truecount="3" falsecount="1"/>
        <line num="13" count="0" type="stmt"/>
        <line num="14" count="0" type="stmt"/>
        <line num="15" count="0" type="stmt"/>
        <line num="16" count="0" type="stmt"/>
        <line num="19" count="0" type="stmt"/>
        <line num="22" count="1" type="stmt"/>
        <line num="26" count="1" type="stmt"/>
        <line num="30" count="1" type="stmt"/>
      </file>
      <file name="NullifierClass.js" path="/Users/nicolasdiazrodriguez/Desktop/cerebrum/bogotaHack/mina-ui/dist/proof_system/models/NullifierClass.js">
        <metrics statements="12" coveredstatements="8" conditionals="29" coveredconditionals="14" methods="3" coveredmethods="2"/>
        <line num="1" count="1" type="cond" truecount="2" falsecount="1"/>
        <line num="2" count="2" type="cond" truecount="2" falsecount="2"/>
        <line num="3" count="2" type="cond" truecount="3" falsecount="1"/>
        <line num="4" count="0" type="cond" truecount="0" falsecount="8"/>
        <line num="5" count="2" type="cond" truecount="2" falsecount="1"/>
        <line num="7" count="1" type="cond" truecount="2" falsecount="1"/>
        <line num="8" count="2" type="cond" truecount="3" falsecount="1"/>
        <line num="13" count="0" type="stmt"/>
        <line num="14" count="0" type="stmt"/>
        <line num="15" count="0" type="stmt"/>
        <line num="18" count="1" type="stmt"/>
        <line num="22" count="1" type="stmt"/>
      </file>
    </package>
  </project>
</coverage>
