{"/Users/nicolasdiazrodriguez/Desktop/cerebrum/bogotaHack/mina-ui/dist/mixer.js": {"path":"/Users/nicolasdiazrodriguez/Desktop/cerebrum/bogotaHack/mina-ui/dist/mixer.js","statementMap":{"0":{"start":{"line":1,"column":17},"end":{"line":6,"column":1}},"1":{"start":{"line":2,"column":12},"end":{"line":2,"column":28}},"2":{"start":{"line":2,"column":34},"end":{"line":2,"column":125}},"3":{"start":{"line":3,"column":4},"end":{"line":4,"column":150}},"4":{"start":{"line":3,"column":79},"end":{"line":3,"column":131}},"5":{"start":{"line":4,"column":9},"end":{"line":4,"column":150}},"6":{"start":{"line":4,"column":22},"end":{"line":4,"column":43}},"7":{"start":{"line":4,"column":58},"end":{"line":4,"column":150}},"8":{"start":{"line":4,"column":81},"end":{"line":4,"column":150}},"9":{"start":{"line":5,"column":4},"end":{"line":5,"column":66}},"10":{"start":{"line":7,"column":17},"end":{"line":9,"column":1}},"11":{"start":{"line":8,"column":4},"end":{"line":8,"column":109}},"12":{"start":{"line":8,"column":79},"end":{"line":8,"column":109}},"13":{"start":{"line":18,"column":0},"end":{"line":18,"column":14}},"14":{"start":{"line":20,"column":25},"end":{"line":20,"column":26}},"15":{"start":{"line":24,"column":23},"end":{"line":24,"column":33}},"16":{"start":{"line":25,"column":19},"end":{"line":25,"column":55}},"17":{"start":{"line":28,"column":19},"end":{"line":28,"column":32}},"18":{"start":{"line":30,"column":20},"end":{"line":30,"column":22}},"19":{"start":{"line":31,"column":4},"end":{"line":40,"column":5}},"20":{"start":{"line":31,"column":17},"end":{"line":31,"column":18}},"21":{"start":{"line":32,"column":22},"end":{"line":32,"column":45}},"22":{"start":{"line":33,"column":31},"end":{"line":33,"column":56}},"23":{"start":{"line":35,"column":21},"end":{"line":38,"column":9}},"24":{"start":{"line":39,"column":8},"end":{"line":39,"column":31}},"25":{"start":{"line":41,"column":4},"end":{"line":41,"column":21}},"26":{"start":{"line":45,"column":8},"end":{"line":45,"column":28}},"27":{"start":{"line":47,"column":8},"end":{"line":47,"column":25}},"28":{"start":{"line":48,"column":8},"end":{"line":48,"column":30}},"29":{"start":{"line":50,"column":8},"end":{"line":50,"column":38}},"30":{"start":{"line":51,"column":8},"end":{"line":51,"column":38}},"31":{"start":{"line":53,"column":8},"end":{"line":53,"column":46}},"32":{"start":{"line":54,"column":8},"end":{"line":54,"column":37}},"33":{"start":{"line":55,"column":8},"end":{"line":55,"column":39}},"34":{"start":{"line":56,"column":8},"end":{"line":59,"column":10}},"35":{"start":{"line":62,"column":8},"end":{"line":62,"column":27}},"36":{"start":{"line":63,"column":8},"end":{"line":67,"column":11}},"37":{"start":{"line":70,"column":8},"end":{"line":70,"column":46}},"38":{"start":{"line":73,"column":31},"end":{"line":73,"column":51}},"39":{"start":{"line":77,"column":8},"end":{"line":77,"column":48}},"40":{"start":{"line":78,"column":30},"end":{"line":78,"column":57}},"41":{"start":{"line":79,"column":8},"end":{"line":79,"column":48}},"42":{"start":{"line":81,"column":8},"end":{"line":81,"column":46}},"43":{"start":{"line":88,"column":29},"end":{"line":88,"column":54}},"44":{"start":{"line":89,"column":8},"end":{"line":89,"column":57}},"45":{"start":{"line":90,"column":24},"end":{"line":90,"column":49}},"46":{"start":{"line":91,"column":8},"end":{"line":91,"column":52}},"47":{"start":{"line":92,"column":32},"end":{"line":92,"column":52}},"48":{"start":{"line":94,"column":8},"end":{"line":94,"column":58}},"49":{"start":{"line":95,"column":28},"end":{"line":95,"column":38}},"50":{"start":{"line":96,"column":32},"end":{"line":96,"column":55}},"51":{"start":{"line":98,"column":8},"end":{"line":98,"column":64}},"52":{"start":{"line":100,"column":8},"end":{"line":100,"column":51}},"53":{"start":{"line":102,"column":23},"end":{"line":102,"column":50}},"54":{"start":{"line":103,"column":8},"end":{"line":103,"column":59}},"55":{"start":{"line":104,"column":8},"end":{"line":104,"column":42}},"56":{"start":{"line":106,"column":22},"end":{"line":106,"column":71}},"57":{"start":{"line":107,"column":8},"end":{"line":107,"column":43}},"58":{"start":{"line":111,"column":27},"end":{"line":111,"column":53}},"59":{"start":{"line":112,"column":8},"end":{"line":112,"column":54}},"60":{"start":{"line":113,"column":27},"end":{"line":113,"column":51}},"61":{"start":{"line":114,"column":8},"end":{"line":114,"column":54}},"62":{"start":{"line":115,"column":37},"end":{"line":115,"column":70}},"63":{"start":{"line":116,"column":8},"end":{"line":116,"column":73}},"64":{"start":{"line":118,"column":19},"end":{"line":118,"column":28}},"65":{"start":{"line":119,"column":22},"end":{"line":119,"column":34}},"66":{"start":{"line":120,"column":24},"end":{"line":128,"column":9}},"67":{"start":{"line":130,"column":30},"end":{"line":130,"column":171}},"68":{"start":{"line":131,"column":8},"end":{"line":131,"column":48}},"69":{"start":{"line":132,"column":8},"end":{"line":132,"column":52}},"70":{"start":{"line":138,"column":32},"end":{"line":138,"column":69}},"71":{"start":{"line":140,"column":34},"end":{"line":140,"column":59}},"72":{"start":{"line":141,"column":8},"end":{"line":141,"column":62}},"73":{"start":{"line":142,"column":8},"end":{"line":142,"column":60}},"74":{"start":{"line":145,"column":29},"end":{"line":148,"column":9}},"75":{"start":{"line":150,"column":8},"end":{"line":150,"column":52}},"76":{"start":{"line":167,"column":0},"end":{"line":170,"column":38}},"77":{"start":{"line":171,"column":0},"end":{"line":174,"column":43}},"78":{"start":{"line":175,"column":0},"end":{"line":178,"column":51}},"79":{"start":{"line":179,"column":0},"end":{"line":182,"column":51}},"80":{"start":{"line":183,"column":0},"end":{"line":186,"column":59}},"81":{"start":{"line":187,"column":0},"end":{"line":190,"column":50}},"82":{"start":{"line":191,"column":0},"end":{"line":194,"column":52}},"83":{"start":{"line":195,"column":0},"end":{"line":200,"column":44}},"84":{"start":{"line":201,"column":0},"end":{"line":206,"column":51}},"85":{"start":{"line":207,"column":0},"end":{"line":217,"column":49}},"86":{"start":{"line":218,"column":0},"end":{"line":223,"column":52}},"87":{"start":{"line":224,"column":0},"end":{"line":229,"column":53}},"88":{"start":{"line":230,"column":0},"end":{"line":235,"column":50}},"89":{"start":{"line":237,"column":14},"end":{"line":237,"column":36}},"90":{"start":{"line":238,"column":0},"end":{"line":238,"column":30}},"91":{"start":{"line":241,"column":21},"end":{"line":241,"column":53}},"92":{"start":{"line":242,"column":28},"end":{"line":242,"column":56}},"93":{"start":{"line":244,"column":15},"end":{"line":244,"column":34}},"94":{"start":{"line":245,"column":19},"end":{"line":245,"column":41}},"95":{"start":{"line":246,"column":12},"end":{"line":246,"column":40}},"96":{"start":{"line":256,"column":13},"end":{"line":261,"column":6}},"97":{"start":{"line":257,"column":8},"end":{"line":257,"column":53}},"98":{"start":{"line":258,"column":8},"end":{"line":258,"column":45}},"99":{"start":{"line":259,"column":8},"end":{"line":259,"column":26}},"100":{"start":{"line":260,"column":8},"end":{"line":260,"column":29}},"101":{"start":{"line":262,"column":4},"end":{"line":262,"column":20}},"102":{"start":{"line":342,"column":17},"end":{"line":346,"column":5}},"103":{"start":{"line":347,"column":4},"end":{"line":347,"column":18}},"104":{"start":{"line":352,"column":21},"end":{"line":352,"column":40}},"105":{"start":{"line":353,"column":25},"end":{"line":353,"column":53}},"106":{"start":{"line":382,"column":29},"end":{"line":382,"column":77}},"107":{"start":{"line":383,"column":30},"end":{"line":383,"column":72}},"108":{"start":{"line":384,"column":33},"end":{"line":384,"column":84}},"109":{"start":{"line":388,"column":20},"end":{"line":388,"column":61}},"110":{"start":{"line":389,"column":17},"end":{"line":389,"column":31}},"111":{"start":{"line":390,"column":21},"end":{"line":390,"column":62}},"112":{"start":{"line":391,"column":4},"end":{"line":391,"column":39}},"113":{"start":{"line":392,"column":4},"end":{"line":392,"column":51}},"114":{"start":{"line":393,"column":17},"end":{"line":398,"column":5}},"115":{"start":{"line":399,"column":23},"end":{"line":399,"column":47}},"116":{"start":{"line":400,"column":27},"end":{"line":400,"column":75}},"117":{"start":{"line":401,"column":28},"end":{"line":401,"column":70}},"118":{"start":{"line":402,"column":31},"end":{"line":402,"column":82}},"119":{"start":{"line":403,"column":4},"end":{"line":403,"column":22}},"120":{"start":{"line":407,"column":20},"end":{"line":407,"column":22}},"121":{"start":{"line":408,"column":4},"end":{"line":419,"column":5}},"122":{"start":{"line":408,"column":17},"end":{"line":408,"column":18}},"123":{"start":{"line":409,"column":22},"end":{"line":409,"column":43}},"124":{"start":{"line":411,"column":31},"end":{"line":411,"column":53}},"125":{"start":{"line":413,"column":21},"end":{"line":417,"column":9}},"126":{"start":{"line":418,"column":8},"end":{"line":418,"column":31}},"127":{"start":{"line":420,"column":4},"end":{"line":420,"column":21}},"128":{"start":{"line":425,"column":14},"end":{"line":429,"column":6}},"129":{"start":{"line":426,"column":8},"end":{"line":426,"column":53}},"130":{"start":{"line":427,"column":21},"end":{"line":427,"column":63}},"131":{"start":{"line":428,"column":8},"end":{"line":428,"column":62}},"132":{"start":{"line":430,"column":4},"end":{"line":430,"column":21}},"133":{"start":{"line":433,"column":14},"end":{"line":436,"column":6}},"134":{"start":{"line":434,"column":8},"end":{"line":434,"column":43}},"135":{"start":{"line":435,"column":8},"end":{"line":435,"column":29}},"136":{"start":{"line":437,"column":4},"end":{"line":437,"column":21}},"137":{"start":{"line":438,"column":26},"end":{"line":438,"column":63}},"138":{"start":{"line":439,"column":21},"end":{"line":439,"column":58}},"139":{"start":{"line":442,"column":14},"end":{"line":445,"column":6}},"140":{"start":{"line":443,"column":8},"end":{"line":443,"column":48}},"141":{"start":{"line":444,"column":8},"end":{"line":444,"column":29}},"142":{"start":{"line":446,"column":4},"end":{"line":446,"column":21}},"143":{"start":{"line":449,"column":4},"end":{"line":449,"column":36}},"144":{"start":{"line":452,"column":4},"end":{"line":452,"column":47}},"145":{"start":{"line":460,"column":20},"end":{"line":460,"column":40}},"146":{"start":{"line":461,"column":17},"end":{"line":461,"column":31}},"147":{"start":{"line":462,"column":4},"end":{"line":464,"column":5}},"148":{"start":{"line":463,"column":8},"end":{"line":463,"column":32}},"149":{"start":{"line":465,"column":24},"end":{"line":465,"column":61}},"150":{"start":{"line":466,"column":4},"end":{"line":466,"column":25}},"151":{"start":{"line":472,"column":4},"end":{"line":472,"column":46}},"152":{"start":{"line":480,"column":13},"end":{"line":485,"column":6}},"153":{"start":{"line":481,"column":21},"end":{"line":481,"column":55}},"154":{"start":{"line":483,"column":8},"end":{"line":483,"column":58}},"155":{"start":{"line":486,"column":4},"end":{"line":486,"column":20}},"156":{"start":{"line":489,"column":18},"end":{"line":493,"column":5}},"157":{"start":{"line":494,"column":4},"end":{"line":494,"column":19}},"158":{"start":{"line":497,"column":4},"end":{"line":497,"column":92}},"159":{"start":{"line":500,"column":22},"end":{"line":500,"column":124}},"160":{"start":{"line":501,"column":18},"end":{"line":501,"column":44}},"161":{"start":{"line":502,"column":4},"end":{"line":504,"column":5}},"162":{"start":{"line":503,"column":8},"end":{"line":503,"column":55}},"163":{"start":{"line":505,"column":4},"end":{"line":510,"column":6}},"164":{"start":{"line":522,"column":4},"end":{"line":534,"column":5}},"165":{"start":{"line":524,"column":25},"end":{"line":524,"column":52}},"166":{"start":{"line":525,"column":22},"end":{"line":525,"column":76}},"167":{"start":{"line":527,"column":8},"end":{"line":527,"column":37}},"168":{"start":{"line":528,"column":22},"end":{"line":528,"column":45}},"169":{"start":{"line":529,"column":8},"end":{"line":529,"column":57}},"170":{"start":{"line":532,"column":8},"end":{"line":532,"column":25}},"171":{"start":{"line":533,"column":8},"end":{"line":533,"column":23}},"172":{"start":{"line":546,"column":24},"end":{"line":546,"column":48}},"173":{"start":{"line":548,"column":28},"end":{"line":548,"column":46}},"174":{"start":{"line":550,"column":30},"end":{"line":550,"column":113}},"175":{"start":{"line":550,"column":56},"end":{"line":550,"column":112}},"176":{"start":{"line":551,"column":20},"end":{"line":551,"column":50}},"177":{"start":{"line":552,"column":28},"end":{"line":552,"column":68}},"178":{"start":{"line":553,"column":24},"end":{"line":553,"column":61}},"179":{"start":{"line":554,"column":4},"end":{"line":558,"column":5}},"180":{"start":{"line":555,"column":8},"end":{"line":555,"column":80}},"181":{"start":{"line":559,"column":4},"end":{"line":559,"column":16}},"182":{"start":{"line":563,"column":20},"end":{"line":563,"column":45}},"183":{"start":{"line":564,"column":25},"end":{"line":564,"column":78}},"184":{"start":{"line":564,"column":58},"end":{"line":564,"column":76}},"185":{"start":{"line":565,"column":34},"end":{"line":565,"column":72}},"186":{"start":{"line":566,"column":4},"end":{"line":566,"column":35}},"187":{"start":{"line":569,"column":20},"end":{"line":569,"column":45}},"188":{"start":{"line":570,"column":4},"end":{"line":570,"column":59}},"189":{"start":{"line":570,"column":36},"end":{"line":570,"column":56}},"190":{"start":{"line":574,"column":25},"end":{"line":574,"column":45}},"191":{"start":{"line":577,"column":21},"end":{"line":577,"column":39}},"192":{"start":{"line":578,"column":4},"end":{"line":578,"column":25}},"193":{"start":{"line":581,"column":13},"end":{"line":584,"column":6}},"194":{"start":{"line":582,"column":21},"end":{"line":582,"column":57}},"195":{"start":{"line":583,"column":8},"end":{"line":583,"column":54}},"196":{"start":{"line":585,"column":4},"end":{"line":585,"column":20}}},"fnMap":{"0":{"name":"(anonymous_0)","decl":{"start":{"line":1,"column":46},"end":{"line":1,"column":47}},"loc":{"start":{"line":1,"column":87},"end":{"line":6,"column":1}},"line":1},"1":{"name":"(anonymous_1)","decl":{"start":{"line":7,"column":46},"end":{"line":7,"column":47}},"loc":{"start":{"line":7,"column":62},"end":{"line":9,"column":1}},"line":7},"2":{"name":"normalizeNullifier","decl":{"start":{"line":29,"column":9},"end":{"line":29,"column":27}},"loc":{"start":{"line":29,"column":44},"end":{"line":42,"column":1}},"line":29},"3":{"name":"(anonymous_3)","decl":{"start":{"line":44,"column":4},"end":{"line":44,"column":5}},"loc":{"start":{"line":44,"column":18},"end":{"line":60,"column":5}},"line":44},"4":{"name":"(anonymous_4)","decl":{"start":{"line":61,"column":4},"end":{"line":61,"column":5}},"loc":{"start":{"line":61,"column":23},"end":{"line":71,"column":5}},"line":61},"5":{"name":"(anonymous_5)","decl":{"start":{"line":72,"column":4},"end":{"line":72,"column":5}},"loc":{"start":{"line":72,"column":16},"end":{"line":82,"column":5}},"line":72},"6":{"name":"(anonymous_6)","decl":{"start":{"line":84,"column":4},"end":{"line":84,"column":5}},"loc":{"start":{"line":84,"column":33},"end":{"line":108,"column":5}},"line":84},"7":{"name":"(anonymous_7)","decl":{"start":{"line":109,"column":4},"end":{"line":109,"column":5}},"loc":{"start":{"line":109,"column":104},"end":{"line":133,"column":5}},"line":109},"8":{"name":"(anonymous_8)","decl":{"start":{"line":137,"column":4},"end":{"line":137,"column":5}},"loc":{"start":{"line":137,"column":47},"end":{"line":143,"column":5}},"line":137},"9":{"name":"(anonymous_9)","decl":{"start":{"line":144,"column":4},"end":{"line":144,"column":5}},"loc":{"start":{"line":144,"column":38},"end":{"line":151,"column":5}},"line":144},"10":{"name":"(anonymous_10)","decl":{"start":{"line":152,"column":4},"end":{"line":152,"column":5}},"loc":{"start":{"line":152,"column":37},"end":{"line":165,"column":5}},"line":152},"11":{"name":"deploy","decl":{"start":{"line":255,"column":15},"end":{"line":255,"column":21}},"loc":{"start":{"line":255,"column":24},"end":{"line":263,"column":1}},"line":255},"12":{"name":"(anonymous_12)","decl":{"start":{"line":256,"column":52},"end":{"line":256,"column":53}},"loc":{"start":{"line":256,"column":58},"end":{"line":261,"column":5}},"line":256},"13":{"name":"returnAddresses","decl":{"start":{"line":341,"column":15},"end":{"line":341,"column":30}},"loc":{"start":{"line":341,"column":33},"end":{"line":348,"column":1}},"line":341},"14":{"name":"deposit","decl":{"start":{"line":378,"column":15},"end":{"line":378,"column":22}},"loc":{"start":{"line":378,"column":31},"end":{"line":404,"column":1}},"line":378},"15":{"name":"normalizeDepositEvents","decl":{"start":{"line":406,"column":9},"end":{"line":406,"column":31}},"loc":{"start":{"line":406,"column":46},"end":{"line":421,"column":1}},"line":406},"16":{"name":"depositTestFunds","decl":{"start":{"line":424,"column":15},"end":{"line":424,"column":31}},"loc":{"start":{"line":424,"column":34},"end":{"line":431,"column":1}},"line":424},"17":{"name":"(anonymous_17)","decl":{"start":{"line":425,"column":53},"end":{"line":425,"column":54}},"loc":{"start":{"line":425,"column":59},"end":{"line":429,"column":5}},"line":425},"18":{"name":"updateMerkleTree","decl":{"start":{"line":432,"column":15},"end":{"line":432,"column":31}},"loc":{"start":{"line":432,"column":44},"end":{"line":440,"column":1}},"line":432},"19":{"name":"(anonymous_19)","decl":{"start":{"line":433,"column":53},"end":{"line":433,"column":54}},"loc":{"start":{"line":433,"column":59},"end":{"line":436,"column":5}},"line":433},"20":{"name":"emitNullifierEvent","decl":{"start":{"line":441,"column":15},"end":{"line":441,"column":33}},"loc":{"start":{"line":441,"column":49},"end":{"line":447,"column":1}},"line":441},"21":{"name":"(anonymous_21)","decl":{"start":{"line":442,"column":53},"end":{"line":442,"column":54}},"loc":{"start":{"line":442,"column":59},"end":{"line":445,"column":5}},"line":442},"22":{"name":"getAccountBalance","decl":{"start":{"line":448,"column":9},"end":{"line":448,"column":26}},"loc":{"start":{"line":448,"column":36},"end":{"line":450,"column":1}},"line":448},"23":{"name":"getAccountBalanceString","decl":{"start":{"line":451,"column":9},"end":{"line":451,"column":32}},"loc":{"start":{"line":451,"column":42},"end":{"line":453,"column":1}},"line":451},"24":{"name":"createNullifier","decl":{"start":{"line":459,"column":15},"end":{"line":459,"column":30}},"loc":{"start":{"line":459,"column":42},"end":{"line":467,"column":1}},"line":459},"25":{"name":"createCommitment","decl":{"start":{"line":471,"column":9},"end":{"line":471,"column":25}},"loc":{"start":{"line":471,"column":45},"end":{"line":473,"column":1}},"line":471},"26":{"name":"sendFundstoMixer","decl":{"start":{"line":479,"column":15},"end":{"line":479,"column":31}},"loc":{"start":{"line":479,"column":48},"end":{"line":487,"column":1}},"line":479},"27":{"name":"(anonymous_27)","decl":{"start":{"line":480,"column":44},"end":{"line":480,"column":45}},"loc":{"start":{"line":480,"column":50},"end":{"line":485,"column":5}},"line":480},"28":{"name":"createDeposit","decl":{"start":{"line":488,"column":9},"end":{"line":488,"column":22}},"loc":{"start":{"line":488,"column":42},"end":{"line":495,"column":1}},"line":488},"29":{"name":"generateNoteString","decl":{"start":{"line":496,"column":9},"end":{"line":496,"column":27}},"loc":{"start":{"line":496,"column":34},"end":{"line":498,"column":1}},"line":496},"30":{"name":"parseNoteString","decl":{"start":{"line":499,"column":9},"end":{"line":499,"column":24}},"loc":{"start":{"line":499,"column":37},"end":{"line":511,"column":1}},"line":499},"31":{"name":"withdraw","decl":{"start":{"line":521,"column":15},"end":{"line":521,"column":23}},"loc":{"start":{"line":521,"column":36},"end":{"line":535,"column":1}},"line":521},"32":{"name":"validateProof","decl":{"start":{"line":541,"column":15},"end":{"line":541,"column":28}},"loc":{"start":{"line":541,"column":38},"end":{"line":561,"column":1}},"line":541},"33":{"name":"(anonymous_33)","decl":{"start":{"line":550,"column":49},"end":{"line":550,"column":50}},"loc":{"start":{"line":550,"column":56},"end":{"line":550,"column":112}},"line":550},"34":{"name":"getDepositEvents","decl":{"start":{"line":562,"column":15},"end":{"line":562,"column":31}},"loc":{"start":{"line":562,"column":34},"end":{"line":567,"column":1}},"line":562},"35":{"name":"(anonymous_35)","decl":{"start":{"line":564,"column":50},"end":{"line":564,"column":51}},"loc":{"start":{"line":564,"column":58},"end":{"line":564,"column":76}},"line":564},"36":{"name":"getNullifierEvents","decl":{"start":{"line":568,"column":15},"end":{"line":568,"column":33}},"loc":{"start":{"line":568,"column":36},"end":{"line":571,"column":1}},"line":568},"37":{"name":"(anonymous_37)","decl":{"start":{"line":570,"column":28},"end":{"line":570,"column":29}},"loc":{"start":{"line":570,"column":36},"end":{"line":570,"column":56}},"line":570},"38":{"name":"isSpend","decl":{"start":{"line":573,"column":15},"end":{"line":573,"column":22}},"loc":{"start":{"line":573,"column":34},"end":{"line":575,"column":1}},"line":573},"39":{"name":"initTest","decl":{"start":{"line":576,"column":15},"end":{"line":576,"column":23}},"loc":{"start":{"line":576,"column":26},"end":{"line":579,"column":1}},"line":576},"40":{"name":"withdrawFunds","decl":{"start":{"line":580,"column":15},"end":{"line":580,"column":28}},"loc":{"start":{"line":580,"column":47},"end":{"line":586,"column":1}},"line":580},"41":{"name":"(anonymous_41)","decl":{"start":{"line":581,"column":46},"end":{"line":581,"column":47}},"loc":{"start":{"line":581,"column":52},"end":{"line":584,"column":5}},"line":581}},"branchMap":{"0":{"loc":{"start":{"line":1,"column":17},"end":{"line":6,"column":1}},"type":"binary-expr","locations":[{"start":{"line":1,"column":18},"end":{"line":1,"column":22}},{"start":{"line":1,"column":26},"end":{"line":1,"column":41}},{"start":{"line":1,"column":46},"end":{"line":6,"column":1}}],"line":1},"1":{"loc":{"start":{"line":2,"column":34},"end":{"line":2,"column":125}},"type":"cond-expr","locations":[{"start":{"line":2,"column":42},"end":{"line":2,"column":48}},{"start":{"line":2,"column":51},"end":{"line":2,"column":125}}],"line":2},"2":{"loc":{"start":{"line":2,"column":51},"end":{"line":2,"column":125}},"type":"cond-expr","locations":[{"start":{"line":2,"column":67},"end":{"line":2,"column":118}},{"start":{"line":2,"column":121},"end":{"line":2,"column":125}}],"line":2},"3":{"loc":{"start":{"line":3,"column":4},"end":{"line":4,"column":150}},"type":"if","locations":[{"start":{"line":3,"column":4},"end":{"line":4,"column":150}},{"start":{"line":4,"column":9},"end":{"line":4,"column":150}}],"line":3},"4":{"loc":{"start":{"line":3,"column":8},"end":{"line":3,"column":77}},"type":"binary-expr","locations":[{"start":{"line":3,"column":8},"end":{"line":3,"column":35}},{"start":{"line":3,"column":39},"end":{"line":3,"column":77}}],"line":3},"5":{"loc":{"start":{"line":4,"column":58},"end":{"line":4,"column":150}},"type":"if","locations":[{"start":{"line":4,"column":58},"end":{"line":4,"column":150}},{"start":{},"end":{}}],"line":4},"6":{"loc":{"start":{"line":4,"column":85},"end":{"line":4,"column":149}},"type":"binary-expr","locations":[{"start":{"line":4,"column":86},"end":{"line":4,"column":143}},{"start":{"line":4,"column":148},"end":{"line":4,"column":149}}],"line":4},"7":{"loc":{"start":{"line":4,"column":86},"end":{"line":4,"column":143}},"type":"cond-expr","locations":[{"start":{"line":4,"column":94},"end":{"line":4,"column":98}},{"start":{"line":4,"column":101},"end":{"line":4,"column":143}}],"line":4},"8":{"loc":{"start":{"line":4,"column":101},"end":{"line":4,"column":143}},"type":"cond-expr","locations":[{"start":{"line":4,"column":109},"end":{"line":4,"column":126}},{"start":{"line":4,"column":129},"end":{"line":4,"column":143}}],"line":4},"9":{"loc":{"start":{"line":5,"column":11},"end":{"line":5,"column":62}},"type":"binary-expr","locations":[{"start":{"line":5,"column":11},"end":{"line":5,"column":16}},{"start":{"line":5,"column":20},"end":{"line":5,"column":21}},{"start":{"line":5,"column":25},"end":{"line":5,"column":62}}],"line":5},"10":{"loc":{"start":{"line":7,"column":17},"end":{"line":9,"column":1}},"type":"binary-expr","locations":[{"start":{"line":7,"column":18},"end":{"line":7,"column":22}},{"start":{"line":7,"column":26},"end":{"line":7,"column":41}},{"start":{"line":7,"column":46},"end":{"line":9,"column":1}}],"line":7},"11":{"loc":{"start":{"line":8,"column":4},"end":{"line":8,"column":109}},"type":"if","locations":[{"start":{"line":8,"column":4},"end":{"line":8,"column":109}},{"start":{},"end":{}}],"line":8},"12":{"loc":{"start":{"line":8,"column":8},"end":{"line":8,"column":77}},"type":"binary-expr","locations":[{"start":{"line":8,"column":8},"end":{"line":8,"column":35}},{"start":{"line":8,"column":39},"end":{"line":8,"column":77}}],"line":8},"13":{"loc":{"start":{"line":462,"column":4},"end":{"line":464,"column":5}},"type":"if","locations":[{"start":{"line":462,"column":4},"end":{"line":464,"column":5}},{"start":{},"end":{}}],"line":462},"14":{"loc":{"start":{"line":502,"column":4},"end":{"line":504,"column":5}},"type":"if","locations":[{"start":{"line":502,"column":4},"end":{"line":504,"column":5}},{"start":{},"end":{}}],"line":502}},"s":{"0":1,"1":13,"2":13,"3":13,"4":13,"5":0,"6":0,"7":0,"8":0,"9":13,"10":1,"11":25,"12":25,"13":1,"14":1,"15":1,"16":1,"17":1,"18":0,"19":0,"20":0,"21":0,"22":0,"23":0,"24":0,"25":0,"26":2,"27":2,"28":2,"29":2,"30":2,"31":2,"32":2,"33":2,"34":2,"35":2,"36":2,"37":2,"38":2,"39":2,"40":2,"41":2,"42":2,"43":0,"44":0,"45":0,"46":0,"47":0,"48":0,"49":0,"50":0,"51":0,"52":0,"53":0,"54":0,"55":0,"56":0,"57":0,"58":0,"59":0,"60":0,"61":0,"62":0,"63":0,"64":0,"65":0,"66":0,"67":0,"68":0,"69":0,"70":0,"71":0,"72":0,"73":0,"74":0,"75":0,"76":1,"77":1,"78":1,"79":1,"80":1,"81":1,"82":1,"83":1,"84":1,"85":1,"86":1,"87":1,"88":1,"89":1,"90":1,"91":1,"92":1,"93":1,"94":1,"95":1,"96":0,"97":0,"98":0,"99":0,"100":0,"101":0,"102":0,"103":0,"104":1,"105":1,"106":0,"107":0,"108":0,"109":0,"110":0,"111":0,"112":0,"113":0,"114":0,"115":0,"116":0,"117":0,"118":0,"119":0,"120":0,"121":0,"122":0,"123":0,"124":0,"125":0,"126":0,"127":0,"128":0,"129":0,"130":0,"131":0,"132":0,"133":0,"134":0,"135":0,"136":0,"137":0,"138":0,"139":0,"140":0,"141":0,"142":0,"143":0,"144":0,"145":0,"146":0,"147":0,"148":0,"149":0,"150":0,"151":0,"152":0,"153":0,"154":0,"155":0,"156":0,"157":0,"158":0,"159":0,"160":0,"161":0,"162":0,"163":0,"164":0,"165":0,"166":0,"167":0,"168":0,"169":0,"170":0,"171":0,"172":0,"173":0,"174":0,"175":0,"176":0,"177":0,"178":0,"179":0,"180":0,"181":0,"182":0,"183":0,"184":0,"185":0,"186":0,"187":0,"188":0,"189":0,"190":0,"191":0,"192":0,"193":0,"194":0,"195":0,"196":0},"f":{"0":13,"1":25,"2":0,"3":2,"4":2,"5":2,"6":0,"7":0,"8":0,"9":0,"10":0,"11":0,"12":0,"13":0,"14":0,"15":0,"16":0,"17":0,"18":0,"19":0,"20":0,"21":0,"22":0,"23":0,"24":0,"25":0,"26":0,"27":0,"28":0,"29":0,"30":0,"31":0,"32":0,"33":0,"34":0,"35":0,"36":0,"37":0,"38":0,"39":0,"40":0,"41":0},"b":{"0":[1,0,1],"1":[0,13],"2":[6,7],"3":[13,0],"4":[13,13],"5":[0,0],"6":[0,0],"7":[0,0],"8":[0,0],"9":[13,13,6],"10":[1,0,1],"11":[25,0],"12":[25,25],"13":[0,0],"14":[0,0]},"_coverageSchema":"1a1c01bbd47fc00a2c39e90264f33305004495a9","hash":"07b752596154bf7b11d09a6b15410f89593279b0"}
,"/Users/nicolasdiazrodriguez/Desktop/cerebrum/bogotaHack/mina-ui/dist/proof_system/models/DepositClass.js": {"path":"/Users/nicolasdiazrodriguez/Desktop/cerebrum/bogotaHack/mina-ui/dist/proof_system/models/DepositClass.js","statementMap":{"0":{"start":{"line":1,"column":17},"end":{"line":6,"column":1}},"1":{"start":{"line":2,"column":12},"end":{"line":2,"column":28}},"2":{"start":{"line":2,"column":34},"end":{"line":2,"column":125}},"3":{"start":{"line":3,"column":4},"end":{"line":4,"column":150}},"4":{"start":{"line":3,"column":79},"end":{"line":3,"column":131}},"5":{"start":{"line":4,"column":9},"end":{"line":4,"column":150}},"6":{"start":{"line":4,"column":22},"end":{"line":4,"column":43}},"7":{"start":{"line":4,"column":58},"end":{"line":4,"column":150}},"8":{"start":{"line":4,"column":81},"end":{"line":4,"column":150}},"9":{"start":{"line":5,"column":4},"end":{"line":5,"column":66}},"10":{"start":{"line":7,"column":17},"end":{"line":9,"column":1}},"11":{"start":{"line":8,"column":4},"end":{"line":8,"column":109}},"12":{"start":{"line":8,"column":79},"end":{"line":8,"column":109}},"13":{"start":{"line":13,"column":8},"end":{"line":13,"column":48}},"14":{"start":{"line":14,"column":8},"end":{"line":14,"column":37}},"15":{"start":{"line":15,"column":8},"end":{"line":15,"column":35}},"16":{"start":{"line":16,"column":8},"end":{"line":16,"column":35}},"17":{"start":{"line":19,"column":8},"end":{"line":19,"column":42}},"18":{"start":{"line":22,"column":0},"end":{"line":25,"column":49}},"19":{"start":{"line":26,"column":0},"end":{"line":29,"column":48}},"20":{"start":{"line":30,"column":0},"end":{"line":33,"column":48}}},"fnMap":{"0":{"name":"(anonymous_0)","decl":{"start":{"line":1,"column":46},"end":{"line":1,"column":47}},"loc":{"start":{"line":1,"column":87},"end":{"line":6,"column":1}},"line":1},"1":{"name":"(anonymous_1)","decl":{"start":{"line":7,"column":46},"end":{"line":7,"column":47}},"loc":{"start":{"line":7,"column":62},"end":{"line":9,"column":1}},"line":7},"2":{"name":"(anonymous_2)","decl":{"start":{"line":12,"column":4},"end":{"line":12,"column":5}},"loc":{"start":{"line":12,"column":50},"end":{"line":17,"column":5}},"line":12},"3":{"name":"(anonymous_3)","decl":{"start":{"line":18,"column":4},"end":{"line":18,"column":5}},"loc":{"start":{"line":18,"column":25},"end":{"line":20,"column":5}},"line":18}},"branchMap":{"0":{"loc":{"start":{"line":1,"column":17},"end":{"line":6,"column":1}},"type":"binary-expr","locations":[{"start":{"line":1,"column":18},"end":{"line":1,"column":22}},{"start":{"line":1,"column":26},"end":{"line":1,"column":41}},{"start":{"line":1,"column":46},"end":{"line":6,"column":1}}],"line":1},"1":{"loc":{"start":{"line":2,"column":34},"end":{"line":2,"column":125}},"type":"cond-expr","locations":[{"start":{"line":2,"column":42},"end":{"line":2,"column":48}},{"start":{"line":2,"column":51},"end":{"line":2,"column":125}}],"line":2},"2":{"loc":{"start":{"line":2,"column":51},"end":{"line":2,"column":125}},"type":"cond-expr","locations":[{"start":{"line":2,"column":67},"end":{"line":2,"column":118}},{"start":{"line":2,"column":121},"end":{"line":2,"column":125}}],"line":2},"3":{"loc":{"start":{"line":3,"column":4},"end":{"line":4,"column":150}},"type":"if","locations":[{"start":{"line":3,"column":4},"end":{"line":4,"column":150}},{"start":{"line":4,"column":9},"end":{"line":4,"column":150}}],"line":3},"4":{"loc":{"start":{"line":3,"column":8},"end":{"line":3,"column":77}},"type":"binary-expr","locations":[{"start":{"line":3,"column":8},"end":{"line":3,"column":35}},{"start":{"line":3,"column":39},"end":{"line":3,"column":77}}],"line":3},"5":{"loc":{"start":{"line":4,"column":58},"end":{"line":4,"column":150}},"type":"if","locations":[{"start":{"line":4,"column":58},"end":{"line":4,"column":150}},{"start":{},"end":{}}],"line":4},"6":{"loc":{"start":{"line":4,"column":85},"end":{"line":4,"column":149}},"type":"binary-expr","locations":[{"start":{"line":4,"column":86},"end":{"line":4,"column":143}},{"start":{"line":4,"column":148},"end":{"line":4,"column":149}}],"line":4},"7":{"loc":{"start":{"line":4,"column":86},"end":{"line":4,"column":143}},"type":"cond-expr","locations":[{"start":{"line":4,"column":94},"end":{"line":4,"column":98}},{"start":{"line":4,"column":101},"end":{"line":4,"column":143}}],"line":4},"8":{"loc":{"start":{"line":4,"column":101},"end":{"line":4,"column":143}},"type":"cond-expr","locations":[{"start":{"line":4,"column":109},"end":{"line":4,"column":126}},{"start":{"line":4,"column":129},"end":{"line":4,"column":143}}],"line":4},"9":{"loc":{"start":{"line":5,"column":11},"end":{"line":5,"column":62}},"type":"binary-expr","locations":[{"start":{"line":5,"column":11},"end":{"line":5,"column":16}},{"start":{"line":5,"column":20},"end":{"line":5,"column":21}},{"start":{"line":5,"column":25},"end":{"line":5,"column":62}}],"line":5},"10":{"loc":{"start":{"line":7,"column":17},"end":{"line":9,"column":1}},"type":"binary-expr","locations":[{"start":{"line":7,"column":18},"end":{"line":7,"column":22}},{"start":{"line":7,"column":26},"end":{"line":7,"column":41}},{"start":{"line":7,"column":46},"end":{"line":9,"column":1}}],"line":7},"11":{"loc":{"start":{"line":8,"column":4},"end":{"line":8,"column":109}},"type":"if","locations":[{"start":{"line":8,"column":4},"end":{"line":8,"column":109}},{"start":{},"end":{}}],"line":8},"12":{"loc":{"start":{"line":8,"column":8},"end":{"line":8,"column":77}},"type":"binary-expr","locations":[{"start":{"line":8,"column":8},"end":{"line":8,"column":35}},{"start":{"line":8,"column":39},"end":{"line":8,"column":77}}],"line":8}},"s":{"0":1,"1":3,"2":3,"3":3,"4":3,"5":0,"6":0,"7":0,"8":0,"9":3,"10":1,"11":3,"12":3,"13":0,"14":0,"15":0,"16":0,"17":0,"18":1,"19":1,"20":1},"f":{"0":3,"1":3,"2":0,"3":0},"b":{"0":[1,0,1],"1":[0,3],"2":[0,3],"3":[3,0],"4":[3,3],"5":[0,0],"6":[0,0],"7":[0,0],"8":[0,0],"9":[3,3,0],"10":[1,0,1],"11":[3,0],"12":[3,3]},"_coverageSchema":"1a1c01bbd47fc00a2c39e90264f33305004495a9","hash":"9130ab0b4dbd68905a10ac4defe485613942705a"}
,"/Users/nicolasdiazrodriguez/Desktop/cerebrum/bogotaHack/mina-ui/dist/proof_system/models/NullifierClass.js": {"path":"/Users/nicolasdiazrodriguez/Desktop/cerebrum/bogotaHack/mina-ui/dist/proof_system/models/NullifierClass.js","statementMap":{"0":{"start":{"line":1,"column":17},"end":{"line":6,"column":1}},"1":{"start":{"line":2,"column":12},"end":{"line":2,"column":28}},"2":{"start":{"line":2,"column":34},"end":{"line":2,"column":125}},"3":{"start":{"line":3,"column":4},"end":{"line":4,"column":150}},"4":{"start":{"line":3,"column":79},"end":{"line":3,"column":131}},"5":{"start":{"line":4,"column":9},"end":{"line":4,"column":150}},"6":{"start":{"line":4,"column":22},"end":{"line":4,"column":43}},"7":{"start":{"line":4,"column":58},"end":{"line":4,"column":150}},"8":{"start":{"line":4,"column":81},"end":{"line":4,"column":150}},"9":{"start":{"line":5,"column":4},"end":{"line":5,"column":66}},"10":{"start":{"line":7,"column":17},"end":{"line":9,"column":1}},"11":{"start":{"line":8,"column":4},"end":{"line":8,"column":109}},"12":{"start":{"line":8,"column":79},"end":{"line":8,"column":109}},"13":{"start":{"line":13,"column":8},"end":{"line":13,"column":36}},"14":{"start":{"line":14,"column":8},"end":{"line":14,"column":35}},"15":{"start":{"line":15,"column":8},"end":{"line":15,"column":35}},"16":{"start":{"line":18,"column":0},"end":{"line":21,"column":50}},"17":{"start":{"line":22,"column":0},"end":{"line":25,"column":50}}},"fnMap":{"0":{"name":"(anonymous_0)","decl":{"start":{"line":1,"column":46},"end":{"line":1,"column":47}},"loc":{"start":{"line":1,"column":87},"end":{"line":6,"column":1}},"line":1},"1":{"name":"(anonymous_1)","decl":{"start":{"line":7,"column":46},"end":{"line":7,"column":47}},"loc":{"start":{"line":7,"column":62},"end":{"line":9,"column":1}},"line":7},"2":{"name":"(anonymous_2)","decl":{"start":{"line":12,"column":4},"end":{"line":12,"column":5}},"loc":{"start":{"line":12,"column":38},"end":{"line":16,"column":5}},"line":12}},"branchMap":{"0":{"loc":{"start":{"line":1,"column":17},"end":{"line":6,"column":1}},"type":"binary-expr","locations":[{"start":{"line":1,"column":18},"end":{"line":1,"column":22}},{"start":{"line":1,"column":26},"end":{"line":1,"column":41}},{"start":{"line":1,"column":46},"end":{"line":6,"column":1}}],"line":1},"1":{"loc":{"start":{"line":2,"column":34},"end":{"line":2,"column":125}},"type":"cond-expr","locations":[{"start":{"line":2,"column":42},"end":{"line":2,"column":48}},{"start":{"line":2,"column":51},"end":{"line":2,"column":125}}],"line":2},"2":{"loc":{"start":{"line":2,"column":51},"end":{"line":2,"column":125}},"type":"cond-expr","locations":[{"start":{"line":2,"column":67},"end":{"line":2,"column":118}},{"start":{"line":2,"column":121},"end":{"line":2,"column":125}}],"line":2},"3":{"loc":{"start":{"line":3,"column":4},"end":{"line":4,"column":150}},"type":"if","locations":[{"start":{"line":3,"column":4},"end":{"line":4,"column":150}},{"start":{"line":4,"column":9},"end":{"line":4,"column":150}}],"line":3},"4":{"loc":{"start":{"line":3,"column":8},"end":{"line":3,"column":77}},"type":"binary-expr","locations":[{"start":{"line":3,"column":8},"end":{"line":3,"column":35}},{"start":{"line":3,"column":39},"end":{"line":3,"column":77}}],"line":3},"5":{"loc":{"start":{"line":4,"column":58},"end":{"line":4,"column":150}},"type":"if","locations":[{"start":{"line":4,"column":58},"end":{"line":4,"column":150}},{"start":{},"end":{}}],"line":4},"6":{"loc":{"start":{"line":4,"column":85},"end":{"line":4,"column":149}},"type":"binary-expr","locations":[{"start":{"line":4,"column":86},"end":{"line":4,"column":143}},{"start":{"line":4,"column":148},"end":{"line":4,"column":149}}],"line":4},"7":{"loc":{"start":{"line":4,"column":86},"end":{"line":4,"column":143}},"type":"cond-expr","locations":[{"start":{"line":4,"column":94},"end":{"line":4,"column":98}},{"start":{"line":4,"column":101},"end":{"line":4,"column":143}}],"line":4},"8":{"loc":{"start":{"line":4,"column":101},"end":{"line":4,"column":143}},"type":"cond-expr","locations":[{"start":{"line":4,"column":109},"end":{"line":4,"column":126}},{"start":{"line":4,"column":129},"end":{"line":4,"column":143}}],"line":4},"9":{"loc":{"start":{"line":5,"column":11},"end":{"line":5,"column":62}},"type":"binary-expr","locations":[{"start":{"line":5,"column":11},"end":{"line":5,"column":16}},{"start":{"line":5,"column":20},"end":{"line":5,"column":21}},{"start":{"line":5,"column":25},"end":{"line":5,"column":62}}],"line":5},"10":{"loc":{"start":{"line":7,"column":17},"end":{"line":9,"column":1}},"type":"binary-expr","locations":[{"start":{"line":7,"column":18},"end":{"line":7,"column":22}},{"start":{"line":7,"column":26},"end":{"line":7,"column":41}},{"start":{"line":7,"column":46},"end":{"line":9,"column":1}}],"line":7},"11":{"loc":{"start":{"line":8,"column":4},"end":{"line":8,"column":109}},"type":"if","locations":[{"start":{"line":8,"column":4},"end":{"line":8,"column":109}},{"start":{},"end":{}}],"line":8},"12":{"loc":{"start":{"line":8,"column":8},"end":{"line":8,"column":77}},"type":"binary-expr","locations":[{"start":{"line":8,"column":8},"end":{"line":8,"column":35}},{"start":{"line":8,"column":39},"end":{"line":8,"column":77}}],"line":8}},"s":{"0":1,"1":2,"2":2,"3":2,"4":2,"5":0,"6":0,"7":0,"8":0,"9":2,"10":1,"11":2,"12":2,"13":0,"14":0,"15":0,"16":1,"17":1},"f":{"0":2,"1":2,"2":0},"b":{"0":[1,0,1],"1":[0,2],"2":[0,2],"3":[2,0],"4":[2,2],"5":[0,0],"6":[0,0],"7":[0,0],"8":[0,0],"9":[2,2,0],"10":[1,0,1],"11":[2,0],"12":[2,2]},"_coverageSchema":"1a1c01bbd47fc00a2c39e90264f33305004495a9","hash":"972b4e363f2fc2f6fbcc5a53b4a084818951ff7a"}
}
