TN:
SF:dist/mixer.js
FN:1,(anonymous_0)
FN:7,(anonymous_1)
FN:29,normalizeNullifier
FN:44,(anonymous_3)
FN:61,(anonymous_4)
FN:72,(anonymous_5)
FN:84,(anonymous_6)
FN:109,(anonymous_7)
FN:137,(anonymous_8)
FN:144,(anonymous_9)
FN:152,(anonymous_10)
FN:255,deploy
FN:256,(anonymous_12)
FN:341,returnAddresses
FN:378,deposit
FN:406,normalizeDepositEvents
FN:424,depositTestFunds
FN:425,(anonymous_17)
FN:432,updateMerkleTree
FN:433,(anonymous_19)
FN:441,emitNullifierEvent
FN:442,(anonymous_21)
FN:448,getAccountBalance
FN:451,getAccountBalanceString
FN:459,createNullifier
FN:471,createCommitment
FN:479,sendFundstoMixer
FN:480,(anonymous_27)
FN:488,createDeposit
FN:496,generateNoteString
FN:499,parseNoteString
FN:521,withdraw
FN:541,validateProof
FN:550,(anonymous_33)
FN:562,getDepositEvents
FN:564,(anonymous_35)
FN:568,getNullifierEvents
FN:570,(anonymous_37)
FN:573,isSpend
FN:576,initTest
FN:580,withdrawFunds
FN:581,(anonymous_41)
FNF:42
FNH:10
FNDA:13,(anonymous_0)
FNDA:25,(anonymous_1)
FNDA:0,normalizeNullifier
FNDA:4,(anonymous_3)
FNDA:6,(anonymous_4)
FNDA:6,(anonymous_5)
FNDA:2,(anonymous_6)
FNDA:0,(anonymous_7)
FNDA:0,(anonymous_8)
FNDA:0,(anonymous_9)
FNDA:0,(anonymous_10)
FNDA:0,deploy
FNDA:0,(anonymous_12)
FNDA:0,returnAddresses
FNDA:0,deposit
FNDA:0,normalizeDepositEvents
FNDA:0,depositTestFunds
FNDA:0,(anonymous_17)
FNDA:0,updateMerkleTree
FNDA:0,(anonymous_19)
FNDA:0,emitNullifierEvent
FNDA:0,(anonymous_21)
FNDA:0,getAccountBalance
FNDA:0,getAccountBalanceString
FNDA:2,createNullifier
FNDA:1,createCommitment
FNDA:0,sendFundstoMixer
FNDA:0,(anonymous_27)
FNDA:0,createDeposit
FNDA:1,generateNoteString
FNDA:1,parseNoteString
FNDA:0,withdraw
FNDA:0,validateProof
FNDA:0,(anonymous_33)
FNDA:0,getDepositEvents
FNDA:0,(anonymous_35)
FNDA:0,getNullifierEvents
FNDA:0,(anonymous_37)
FNDA:0,isSpend
FNDA:0,initTest
FNDA:0,withdrawFunds
FNDA:0,(anonymous_41)
DA:1,1
DA:2,13
DA:3,13
DA:4,0
DA:5,13
DA:7,1
DA:8,25
DA:18,1
DA:20,1
DA:24,1
DA:25,1
DA:28,1
DA:30,0
DA:31,0
DA:32,0
DA:33,0
DA:35,0
DA:39,0
DA:41,0
DA:45,4
DA:47,4
DA:48,4
DA:50,4
DA:51,4
DA:53,4
DA:54,4
DA:55,4
DA:56,4
DA:62,6
DA:63,6
DA:70,6
DA:73,6
DA:77,6
DA:78,6
DA:79,6
DA:81,6
DA:88,2
DA:89,2
DA:90,2
DA:91,2
DA:92,2
DA:94,2
DA:95,2
DA:96,2
DA:98,2
DA:100,2
DA:102,2
DA:103,2
DA:104,2
DA:106,2
DA:107,2
DA:111,0
DA:112,0
DA:113,0
DA:114,0
DA:115,0
DA:116,0
DA:118,0
DA:119,0
DA:120,0
DA:130,0
DA:131,0
DA:132,0
DA:138,0
DA:140,0
DA:141,0
DA:142,0
DA:145,0
DA:150,0
DA:167,1
DA:171,1
DA:175,1
DA:179,1
DA:183,1
DA:187,1
DA:191,1
DA:195,1
DA:201,1
DA:207,1
DA:218,1
DA:224,1
DA:230,1
DA:237,1
DA:238,1
DA:241,1
DA:242,1
DA:244,1
DA:245,1
DA:246,1
DA:256,0
DA:257,0
DA:258,0
DA:259,0
DA:260,0
DA:262,0
DA:342,0
DA:347,0
DA:352,1
DA:353,1
DA:382,0
DA:383,0
DA:384,0
DA:388,0
DA:389,0
DA:390,0
DA:391,0
DA:392,0
DA:393,0
DA:399,0
DA:400,0
DA:401,0
DA:402,0
DA:403,0
DA:407,0
DA:408,0
DA:409,0
DA:411,0
DA:413,0
DA:418,0
DA:420,0
DA:425,0
DA:426,0
DA:427,0
DA:428,0
DA:430,0
DA:433,0
DA:434,0
DA:435,0
DA:437,0
DA:438,0
DA:439,0
DA:442,0
DA:443,0
DA:444,0
DA:446,0
DA:449,0
DA:452,0
DA:460,2
DA:461,2
DA:462,2
DA:463,1
DA:465,2
DA:466,2
DA:472,1
DA:480,0
DA:481,0
DA:483,0
DA:486,0
DA:489,0
DA:494,0
DA:497,1
DA:500,1
DA:501,1
DA:502,1
DA:503,0
DA:505,1
DA:522,0
DA:524,0
DA:525,0
DA:527,0
DA:528,0
DA:529,0
DA:532,0
DA:533,0
DA:546,0
DA:548,0
DA:550,0
DA:551,0
DA:552,0
DA:553,0
DA:554,0
DA:555,0
DA:559,0
DA:563,0
DA:564,0
DA:565,0
DA:566,0
DA:569,0
DA:570,0
DA:574,0
DA:577,0
DA:578,0
DA:581,0
DA:582,0
DA:583,0
DA:585,0
LF:186
LH:77
BRDA:1,0,0,1
BRDA:1,0,1,0
BRDA:1,0,2,1
BRDA:2,1,0,0
BRDA:2,1,1,13
BRDA:2,2,0,6
BRDA:2,2,1,7
BRDA:3,3,0,13
BRDA:3,3,1,0
BRDA:3,4,0,13
BRDA:3,4,1,13
BRDA:4,5,0,0
BRDA:4,5,1,0
BRDA:4,6,0,0
BRDA:4,6,1,0
BRDA:4,7,0,0
BRDA:4,7,1,0
BRDA:4,8,0,0
BRDA:4,8,1,0
BRDA:5,9,0,13
BRDA:5,9,1,13
BRDA:5,9,2,6
BRDA:7,10,0,1
BRDA:7,10,1,0
BRDA:7,10,2,1
BRDA:8,11,0,25
BRDA:8,11,1,0
BRDA:8,12,0,25
BRDA:8,12,1,25
BRDA:462,13,0,1
BRDA:462,13,1,1
BRDA:502,14,0,0
BRDA:502,14,1,1
BRF:33
BRH:19
end_of_record
TN:
SF:dist/proof_system/index.js
FNF:0
FNH:0
LF:0
LH:0
BRF:0
BRH:0
end_of_record
TN:
SF:dist/proof_system/models/DepositClass.js
FN:1,(anonymous_0)
FN:7,(anonymous_1)
FN:12,(anonymous_2)
FN:18,(anonymous_3)
FNF:4
FNH:3
FNDA:3,(anonymous_0)
FNDA:3,(anonymous_1)
FNDA:3,(anonymous_2)
FNDA:0,(anonymous_3)
DA:1,1
DA:2,3
DA:3,3
DA:4,0
DA:5,3
DA:7,1
DA:8,3
DA:13,3
DA:14,3
DA:15,3
DA:16,3
DA:19,0
DA:22,1
DA:26,1
DA:30,1
LF:15
LH:13
BRDA:1,0,0,1
BRDA:1,0,1,0
BRDA:1,0,2,1
BRDA:2,1,0,0
BRDA:2,1,1,3
BRDA:2,2,0,0
BRDA:2,2,1,3
BRDA:3,3,0,3
BRDA:3,3,1,0
BRDA:3,4,0,3
BRDA:3,4,1,3
BRDA:4,5,0,0
BRDA:4,5,1,0
BRDA:4,6,0,0
BRDA:4,6,1,0
BRDA:4,7,0,0
BRDA:4,7,1,0
BRDA:4,8,0,0
BRDA:4,8,1,0
BRDA:5,9,0,3
BRDA:5,9,1,3
BRDA:5,9,2,0
BRDA:7,10,0,1
BRDA:7,10,1,0
BRDA:7,10,2,1
BRDA:8,11,0,3
BRDA:8,11,1,0
BRDA:8,12,0,3
BRDA:8,12,1,3
BRF:29
BRH:14
end_of_record
TN:
SF:dist/proof_system/models/NullifierClass.js
FN:1,(anonymous_0)
FN:7,(anonymous_1)
FN:12,(anonymous_2)
FNF:3
FNH:2
FNDA:2,(anonymous_0)
FNDA:2,(anonymous_1)
FNDA:0,(anonymous_2)
DA:1,1
DA:2,2
DA:3,2
DA:4,0
DA:5,2
DA:7,1
DA:8,2
DA:13,0
DA:14,0
DA:15,0
DA:18,1
DA:22,1
LF:12
LH:8
BRDA:1,0,0,1
BRDA:1,0,1,0
BRDA:1,0,2,1
BRDA:2,1,0,0
BRDA:2,1,1,2
BRDA:2,2,0,0
BRDA:2,2,1,2
BRDA:3,3,0,2
BRDA:3,3,1,0
BRDA:3,4,0,2
BRDA:3,4,1,2
BRDA:4,5,0,0
BRDA:4,5,1,0
BRDA:4,6,0,0
BRDA:4,6,1,0
BRDA:4,7,0,0
BRDA:4,7,1,0
BRDA:4,8,0,0
BRDA:4,8,1,0
BRDA:5,9,0,2
BRDA:5,9,1,2
BRDA:5,9,2,0
BRDA:7,10,0,1
BRDA:7,10,1,0
BRDA:7,10,2,1
BRDA:8,11,0,2
BRDA:8,11,1,0
BRDA:8,12,0,2
BRDA:8,12,1,2
BRF:29
BRH:14
end_of_record
TN:
SF:src/mixer.ts
FN:63,normalizeNullifier
FN:77,(anonymous_3)
FN:94,(anonymous_4)
FN:105,(anonymous_5)
FN:118,(anonymous_6)
FN:152,(anonymous_7)
FN:202,(anonymous_8)
FN:211,(anonymous_9)
FN:220,(anonymous_10)
FN:256,deploy
FN:258,(anonymous_12)
FN:346,returnAddresses
FN:387,deposit
FN:420,normalizeDepositEvents
FN:438,depositTestFunds
FN:439,(anonymous_17)
FN:448,updateMerkleTree
FN:449,(anonymous_19)
FN:459,emitNullifierEvent
FN:460,(anonymous_21)
FN:467,getAccountBalance
FN:471,getAccountBalanceString
FN:481,createNullifier
FN:494,createCommitment
FN:503,sendFundstoMixer
FN:504,(anonymous_27)
FN:528,createDeposit
FN:538,generateNoteString
FN:542,parseNoteString
FN:567,withdraw
FN:590,validateProof
FN:601,(anonymous_33)
FN:617,getDepositEvents
FN:619,(anonymous_35)
FN:623,getNullifierEvents
FN:625,(anonymous_37)
FN:628,isSpend
FN:631,initTest
FN:636,withdrawFunds
FN:637,(anonymous_41)
FNF:40
FNH:8
FNDA:0,normalizeNullifier
FNDA:4,(anonymous_3)
FNDA:6,(anonymous_4)
FNDA:6,(anonymous_5)
FNDA:2,(anonymous_6)
FNDA:0,(anonymous_7)
FNDA:0,(anonymous_8)
FNDA:0,(anonymous_9)
FNDA:0,(anonymous_10)
FNDA:0,deploy
FNDA:0,(anonymous_12)
FNDA:0,returnAddresses
FNDA:0,deposit
FNDA:0,normalizeDepositEvents
FNDA:0,depositTestFunds
FNDA:0,(anonymous_17)
FNDA:0,updateMerkleTree
FNDA:0,(anonymous_19)
FNDA:0,emitNullifierEvent
FNDA:0,(anonymous_21)
FNDA:0,getAccountBalance
FNDA:0,getAccountBalanceString
FNDA:2,createNullifier
FNDA:1,createCommitment
FNDA:0,sendFundstoMixer
FNDA:0,(anonymous_27)
FNDA:0,createDeposit
FNDA:1,generateNoteString
FNDA:1,parseNoteString
FNDA:0,withdraw
FNDA:0,validateProof
FNDA:0,(anonymous_33)
FNDA:0,getDepositEvents
FNDA:0,(anonymous_35)
FNDA:0,getNullifierEvents
FNDA:0,(anonymous_37)
FNDA:0,isSpend
FNDA:0,initTest
FNDA:0,withdrawFunds
FNDA:0,(anonymous_41)
DA:37,1
DA:54,1
DA:58,1
DA:59,1
DA:62,1
DA:64,0
DA:65,0
DA:66,0
DA:67,0
DA:69,0
DA:73,0
DA:75,0
DA:79,4
DA:80,4
DA:82,4
DA:83,4
DA:85,4
DA:86,4
DA:87,4
DA:89,4
DA:95,6
DA:96,6
DA:103,6
DA:105,1
DA:107,6
DA:111,6
DA:112,6
DA:113,6
DA:115,6
DA:118,1
DA:124,2
DA:125,2
DA:126,2
DA:127,2
DA:128,2
DA:132,2
DA:133,2
DA:134,2
DA:136,2
DA:139,2
DA:142,2
DA:144,2
DA:145,2
DA:149,2
DA:150,2
DA:152,1
DA:161,0
DA:162,0
DA:164,0
DA:165,0
DA:167,0
DA:168,0
DA:172,0
DA:173,0
DA:175,0
DA:186,0
DA:195,0
DA:196,0
DA:202,1
DA:203,0
DA:206,0
DA:207,0
DA:209,0
DA:211,1
DA:212,0
DA:217,0
DA:220,1
DA:237,1
DA:238,1
DA:241,1
DA:242,1
DA:245,1
DA:246,1
DA:247,1
DA:258,0
DA:259,0
DA:260,0
DA:261,0
DA:262,0
DA:265,0
DA:347,0
DA:352,0
DA:359,1
DA:360,1
DA:391,0
DA:392,0
DA:393,0
DA:399,0
DA:400,0
DA:401,0
DA:402,0
DA:403,0
DA:404,0
DA:411,0
DA:412,0
DA:413,0
DA:414,0
DA:417,0
DA:421,0
DA:422,0
DA:423,0
DA:425,0
DA:427,0
DA:432,0
DA:434,0
DA:439,0
DA:440,0
DA:441,0
DA:442,0
DA:445,0
DA:449,0
DA:450,0
DA:451,0
DA:453,0
DA:454,0
DA:456,0
DA:460,0
DA:461,0
DA:462,0
DA:464,0
DA:468,0
DA:472,0
DA:482,2
DA:483,2
DA:484,2
DA:485,1
DA:487,2
DA:488,2
DA:495,1
DA:504,0
DA:505,0
DA:507,0
DA:511,0
DA:529,0
DA:535,0
DA:539,1
DA:544,1
DA:545,1
DA:547,1
DA:548,0
DA:551,1
DA:568,0
DA:570,0
DA:572,0
DA:574,0
DA:575,0
DA:576,0
DA:579,0
DA:581,0
DA:596,0
DA:598,0
DA:600,0
DA:601,0
DA:604,0
DA:605,0
DA:606,0
DA:607,0
DA:608,0
DA:614,0
DA:618,0
DA:619,0
DA:620,0
DA:621,0
DA:624,0
DA:625,0
DA:629,0
DA:632,0
DA:633,0
DA:637,0
DA:638,0
DA:639,0
DA:641,0
LF:172
LH:63
BRDA:484,0,0,1
BRDA:547,1,0,0
BRF:2
BRH:1
end_of_record
TN:
SF:src/proof_system/models/DepositClass.ts
FN:16,(anonymous_2)
FN:22,(anonymous_3)
FNF:2
FNH:1
FNDA:3,(anonymous_2)
FNDA:0,(anonymous_3)
DA:12,1
DA:13,1
DA:14,1
DA:17,3
DA:18,3
DA:19,3
DA:20,3
DA:23,0
LF:8
LH:7
BRF:0
BRH:0
end_of_record
TN:
SF:src/proof_system/models/NullifierClass.ts
FN:15,(anonymous_2)
FNF:1
FNH:0
FNDA:0,(anonymous_2)
DA:12,1
DA:13,1
DA:16,0
DA:17,0
DA:18,0
LF:5
LH:2
BRF:0
BRH:0
end_of_record
