TN:
SF:dist/mixer.js
FN:1,(anonymous_0)
FN:7,(anonymous_1)
FN:29,normalizeNullifier
FN:44,(anonymous_3)
FN:61,(anonymous_4)
FN:72,(anonymous_5)
FN:84,(anonymous_6)
FN:109,(anonymous_7)
FN:137,(anonymous_8)
FN:144,(anonymous_9)
FN:152,(anonymous_10)
FN:255,deploy
FN:256,(anonymous_12)
FN:341,returnAddresses
FN:378,deposit
FN:406,normalizeDepositEvents
FN:424,depositTestFunds
FN:425,(anonymous_17)
FN:432,updateMerkleTree
FN:433,(anonymous_19)
FN:441,emitNullifierEvent
FN:442,(anonymous_21)
FN:448,getAccountBalance
FN:451,getAccountBalanceString
FN:459,createNullifier
FN:471,createCommitment
FN:479,sendFundstoMixer
FN:480,(anonymous_27)
FN:488,createDeposit
FN:496,generateNoteString
FN:499,parseNoteString
FN:521,withdraw
FN:541,validateProof
FN:550,(anonymous_33)
FN:562,getDepositEvents
FN:564,(anonymous_35)
FN:568,getNullifierEvents
FN:570,(anonymous_37)
FN:573,isSpend
FN:576,initTest
FN:580,withdrawFunds
FN:581,(anonymous_41)
FNF:42
FNH:5
FNDA:13,(anonymous_0)
FNDA:25,(anonymous_1)
FNDA:0,normalizeNullifier
FNDA:2,(anonymous_3)
FNDA:2,(anonymous_4)
FNDA:2,(anonymous_5)
FNDA:0,(anonymous_6)
FNDA:0,(anonymous_7)
FNDA:0,(anonymous_8)
FNDA:0,(anonymous_9)
FNDA:0,(anonymous_10)
FNDA:0,deploy
FNDA:0,(anonymous_12)
FNDA:0,returnAddresses
FNDA:0,deposit
FNDA:0,normalizeDepositEvents
FNDA:0,depositTestFunds
FNDA:0,(anonymous_17)
FNDA:0,updateMerkleTree
FNDA:0,(anonymous_19)
FNDA:0,emitNullifierEvent
FNDA:0,(anonymous_21)
FNDA:0,getAccountBalance
FNDA:0,getAccountBalanceString
FNDA:0,createNullifier
FNDA:0,createCommitment
FNDA:0,sendFundstoMixer
FNDA:0,(anonymous_27)
FNDA:0,createDeposit
FNDA:0,generateNoteString
FNDA:0,parseNoteString
FNDA:0,withdraw
FNDA:0,validateProof
FNDA:0,(anonymous_33)
FNDA:0,getDepositEvents
FNDA:0,(anonymous_35)
FNDA:0,getNullifierEvents
FNDA:0,(anonymous_37)
FNDA:0,isSpend
FNDA:0,initTest
FNDA:0,withdrawFunds
FNDA:0,(anonymous_41)
DA:1,1
DA:2,13
DA:3,13
DA:4,0
DA:5,13
DA:7,1
DA:8,25
DA:18,1
DA:20,1
DA:24,1
DA:25,1
DA:28,1
DA:30,0
DA:31,0
DA:32,0
DA:33,0
DA:35,0
DA:39,0
DA:41,0
DA:45,2
DA:47,2
DA:48,2
DA:50,2
DA:51,2
DA:53,2
DA:54,2
DA:55,2
DA:56,2
DA:62,2
DA:63,2
DA:70,2
DA:73,2
DA:77,2
DA:78,2
DA:79,2
DA:81,2
DA:88,0
DA:89,0
DA:90,0
DA:91,0
DA:92,0
DA:94,0
DA:95,0
DA:96,0
DA:98,0
DA:100,0
DA:102,0
DA:103,0
DA:104,0
DA:106,0
DA:107,0
DA:111,0
DA:112,0
DA:113,0
DA:114,0
DA:115,0
DA:116,0
DA:118,0
DA:119,0
DA:120,0
DA:130,0
DA:131,0
DA:132,0
DA:138,0
DA:140,0
DA:141,0
DA:142,0
DA:145,0
DA:150,0
DA:167,1
DA:171,1
DA:175,1
DA:179,1
DA:183,1
DA:187,1
DA:191,1
DA:195,1
DA:201,1
DA:207,1
DA:218,1
DA:224,1
DA:230,1
DA:237,1
DA:238,1
DA:241,1
DA:242,1
DA:244,1
DA:245,1
DA:246,1
DA:256,0
DA:257,0
DA:258,0
DA:259,0
DA:260,0
DA:262,0
DA:342,0
DA:347,0
DA:352,1
DA:353,1
DA:382,0
DA:383,0
DA:384,0
DA:388,0
DA:389,0
DA:390,0
DA:391,0
DA:392,0
DA:393,0
DA:399,0
DA:400,0
DA:401,0
DA:402,0
DA:403,0
DA:407,0
DA:408,0
DA:409,0
DA:411,0
DA:413,0
DA:418,0
DA:420,0
DA:425,0
DA:426,0
DA:427,0
DA:428,0
DA:430,0
DA:433,0
DA:434,0
DA:435,0
DA:437,0
DA:438,0
DA:439,0
DA:442,0
DA:443,0
DA:444,0
DA:446,0
DA:449,0
DA:452,0
DA:460,0
DA:461,0
DA:462,0
DA:463,0
DA:465,0
DA:466,0
DA:472,0
DA:480,0
DA:481,0
DA:483,0
DA:486,0
DA:489,0
DA:494,0
DA:497,0
DA:500,0
DA:501,0
DA:502,0
DA:503,0
DA:505,0
DA:522,0
DA:524,0
DA:525,0
DA:527,0
DA:528,0
DA:529,0
DA:532,0
DA:533,0
DA:546,0
DA:548,0
DA:550,0
DA:551,0
DA:552,0
DA:553,0
DA:554,0
DA:555,0
DA:559,0
DA:563,0
DA:564,0
DA:565,0
DA:566,0
DA:569,0
DA:570,0
DA:574,0
DA:577,0
DA:578,0
DA:581,0
DA:582,0
DA:583,0
DA:585,0
LF:186
LH:50
BRDA:1,0,0,1
BRDA:1,0,1,0
BRDA:1,0,2,1
BRDA:2,1,0,0
BRDA:2,1,1,13
BRDA:2,2,0,6
BRDA:2,2,1,7
BRDA:3,3,0,13
BRDA:3,3,1,0
BRDA:3,4,0,13
BRDA:3,4,1,13
BRDA:4,5,0,0
BRDA:4,5,1,0
BRDA:4,6,0,0
BRDA:4,6,1,0
BRDA:4,7,0,0
BRDA:4,7,1,0
BRDA:4,8,0,0
BRDA:4,8,1,0
BRDA:5,9,0,13
BRDA:5,9,1,13
BRDA:5,9,2,6
BRDA:7,10,0,1
BRDA:7,10,1,0
BRDA:7,10,2,1
BRDA:8,11,0,25
BRDA:8,11,1,0
BRDA:8,12,0,25
BRDA:8,12,1,25
BRDA:462,13,0,0
BRDA:462,13,1,0
BRDA:502,14,0,0
BRDA:502,14,1,0
BRF:33
BRH:16
end_of_record
TN:
SF:dist/proof_system/models/DepositClass.js
FN:1,(anonymous_0)
FN:7,(anonymous_1)
FN:12,(anonymous_2)
FN:18,(anonymous_3)
FNF:4
FNH:2
FNDA:3,(anonymous_0)
FNDA:3,(anonymous_1)
FNDA:0,(anonymous_2)
FNDA:0,(anonymous_3)
DA:1,1
DA:2,3
DA:3,3
DA:4,0
DA:5,3
DA:7,1
DA:8,3
DA:13,0
DA:14,0
DA:15,0
DA:16,0
DA:19,0
DA:22,1
DA:26,1
DA:30,1
LF:15
LH:9
BRDA:1,0,0,1
BRDA:1,0,1,0
BRDA:1,0,2,1
BRDA:2,1,0,0
BRDA:2,1,1,3
BRDA:2,2,0,0
BRDA:2,2,1,3
BRDA:3,3,0,3
BRDA:3,3,1,0
BRDA:3,4,0,3
BRDA:3,4,1,3
BRDA:4,5,0,0
BRDA:4,5,1,0
BRDA:4,6,0,0
BRDA:4,6,1,0
BRDA:4,7,0,0
BRDA:4,7,1,0
BRDA:4,8,0,0
BRDA:4,8,1,0
BRDA:5,9,0,3
BRDA:5,9,1,3
BRDA:5,9,2,0
BRDA:7,10,0,1
BRDA:7,10,1,0
BRDA:7,10,2,1
BRDA:8,11,0,3
BRDA:8,11,1,0
BRDA:8,12,0,3
BRDA:8,12,1,3
BRF:29
BRH:14
end_of_record
TN:
SF:dist/proof_system/models/NullifierClass.js
FN:1,(anonymous_0)
FN:7,(anonymous_1)
FN:12,(anonymous_2)
FNF:3
FNH:2
FNDA:2,(anonymous_0)
FNDA:2,(anonymous_1)
FNDA:0,(anonymous_2)
DA:1,1
DA:2,2
DA:3,2
DA:4,0
DA:5,2
DA:7,1
DA:8,2
DA:13,0
DA:14,0
DA:15,0
DA:18,1
DA:22,1
LF:12
LH:8
BRDA:1,0,0,1
BRDA:1,0,1,0
BRDA:1,0,2,1
BRDA:2,1,0,0
BRDA:2,1,1,2
BRDA:2,2,0,0
BRDA:2,2,1,2
BRDA:3,3,0,2
BRDA:3,3,1,0
BRDA:3,4,0,2
BRDA:3,4,1,2
BRDA:4,5,0,0
BRDA:4,5,1,0
BRDA:4,6,0,0
BRDA:4,6,1,0
BRDA:4,7,0,0
BRDA:4,7,1,0
BRDA:4,8,0,0
BRDA:4,8,1,0
BRDA:5,9,0,2
BRDA:5,9,1,2
BRDA:5,9,2,0
BRDA:7,10,0,1
BRDA:7,10,1,0
BRDA:7,10,2,1
BRDA:8,11,0,2
BRDA:8,11,1,0
BRDA:8,12,0,2
BRDA:8,12,1,2
BRF:29
BRH:14
end_of_record
